10:20:07,269 |-INFO in ch.qos.logback.classic.LoggerContext[default] - Could NOT find resource [logback-test.xml]
10:20:07,270 |-INFO in ch.qos.logback.classic.LoggerContext[default] - Found resource [logback.xml] at [jar:file:/home/ubuntu/ahi-poc-git-data/ahi-poc/package1/inter-op-layer-receiver/target/inter-op-layer-receiver-0.0.1.jar!/BOOT-INF/classes!/logback.xml]
10:20:07,300 |-INFO in ch.qos.logback.core.joran.spi.ConfigurationWatchList@38c6f217 - URL [jar:file:/home/ubuntu/ahi-poc-git-data/ahi-poc/package1/inter-op-layer-receiver/target/inter-op-layer-receiver-0.0.1.jar!/BOOT-INF/classes!/logback.xml] is not of type file
10:20:07,456 |-INFO in ch.qos.logback.classic.joran.action.ConfigurationAction - debug attribute not set
10:20:07,474 |-INFO in ch.qos.logback.classic.joran.action.ConfigurationAction - Will scan for changes in [jar:file:/home/ubuntu/ahi-poc-git-data/ahi-poc/package1/inter-op-layer-receiver/target/inter-op-layer-receiver-0.0.1.jar!/BOOT-INF/classes!/logback.xml] 
10:20:07,474 |-INFO in ch.qos.logback.classic.joran.action.ConfigurationAction - Setting ReconfigureOnChangeTask scanning period to 15 seconds
10:20:07,485 |-ERROR in ch.qos.logback.core.joran.spi.Interpreter@4:38 - no applicable action for [springProperty], current ElementPath  is [[configuration][springProperty]]
10:20:07,485 |-INFO in ch.qos.logback.core.joran.action.AppenderAction - About to instantiate appender of type [ch.qos.logback.core.ConsoleAppender]
10:20:07,490 |-INFO in ch.qos.logback.core.joran.action.AppenderAction - Naming appender as [Console]
10:20:07,621 |-WARN in ch.qos.logback.core.ConsoleAppender[Console] - This appender no longer admits a layout as a sub-component, set an encoder instead.
10:20:07,621 |-WARN in ch.qos.logback.core.ConsoleAppender[Console] - To ensure compatibility, wrapping your layout in LayoutWrappingEncoder.
10:20:07,621 |-WARN in ch.qos.logback.core.ConsoleAppender[Console] - See also http://logback.qos.ch/codes.html#layoutInsteadOfEncoder for details
10:20:07,622 |-INFO in ch.qos.logback.core.joran.action.AppenderAction - About to instantiate appender of type [net.logstash.logback.appender.LogstashTcpSocketAppender]
10:20:07,637 |-INFO in ch.qos.logback.core.joran.action.AppenderAction - Naming appender as [elk]
10:20:08,077 |-INFO in ch.qos.logback.classic.joran.action.RootLoggerAction - Setting level of ROOT logger to INFO
10:20:08,077 |-INFO in ch.qos.logback.core.joran.action.AppenderRefAction - Attaching appender named [Console] to Logger[ROOT]
10:20:08,077 |-INFO in ch.qos.logback.core.joran.action.AppenderRefAction - Attaching appender named [elk] to Logger[ROOT]
10:20:08,077 |-INFO in ch.qos.logback.classic.joran.action.ConfigurationAction - End of configuration.
10:20:08,078 |-INFO in ch.qos.logback.classic.joran.JoranConfigurator@478190fc - Registering current configuration as safe fallback point


  .   ____          _            __ _ _
 /\\ / ___'_ __ _ _(_)_ __  __ _ \ \ \ \
( ( )\___ | '_ | '_| | '_ \/ _` | \ \ \ \
 \\/  ___)| |_)| | | | | || (_| |  ) ) ) )
  '  |____| .__|_| |_|_| |_\__, | / / / /
 =========|_|==============|___/=/_/_/_/
 :: Spring Boot ::                (v2.7.3)

[33m2023-01-17 10:20:08,729[0;39m [33mINFO [0;39m [[33mmain[0;39m] [33morg.springframework.boot.StartupInfoLogger[0;39m: Starting SblAppStarter v0.0.1 using Java 11 on ip-172-31-16-106 with PID 814592 (/home/ubuntu/ahi-poc-git-data/ahi-poc/package1/inter-op-layer-receiver/target/inter-op-layer-receiver-0.0.1.jar started by ubuntu in /home/ubuntu/ahi-poc-git-data/ahi-poc/package1/inter-op-layer-receiver)
[33m2023-01-17 10:20:08,738[0;39m [33mINFO [0;39m [[33mmain[0;39m] [33morg.springframework.boot.SpringApplication[0;39m: No active profile set, falling back to 1 default profile: "default"
[33m2023-01-17 10:20:10,882[0;39m [33mINFO [0;39m [[33mmain[0;39m] [33morg.springframework.boot.web.embedded.netty.NettyWebServer[0;39m: Netty started on port 8080
[33m2023-01-17 10:20:10,908[0;39m [33mINFO [0;39m [[33mmain[0;39m] [33morg.springframework.boot.StartupInfoLogger[0;39m: Started SblAppStarter in 2.708 seconds (JVM running for 4.101)
