10:19:42,188 |-INFO in ch.qos.logback.classic.LoggerContext[default] - Could NOT find resource [logback-test.xml]
10:19:42,189 |-INFO in ch.qos.logback.classic.LoggerContext[default] - Found resource [logback.xml] at [jar:file:/home/ubuntu/ahi-poc-git-data/ahi-poc/package2/auth-service/target/auth-service-0.0.1.jar!/BOOT-INF/classes!/logback.xml]
10:19:42,242 |-INFO in ch.qos.logback.core.joran.spi.ConfigurationWatchList@38c6f217 - URL [jar:file:/home/ubuntu/ahi-poc-git-data/ahi-poc/package2/auth-service/target/auth-service-0.0.1.jar!/BOOT-INF/classes!/logback.xml] is not of type file
10:19:42,394 |-INFO in ch.qos.logback.classic.joran.action.ConfigurationAction - debug attribute not set
10:19:42,423 |-INFO in ch.qos.logback.classic.joran.action.ConfigurationAction - Will scan for changes in [jar:file:/home/ubuntu/ahi-poc-git-data/ahi-poc/package2/auth-service/target/auth-service-0.0.1.jar!/BOOT-INF/classes!/logback.xml] 
10:19:42,423 |-INFO in ch.qos.logback.classic.joran.action.ConfigurationAction - Setting ReconfigureOnChangeTask scanning period to 15 seconds
10:19:42,446 |-ERROR in ch.qos.logback.core.joran.spi.Interpreter@4:38 - no applicable action for [springProperty], current ElementPath  is [[configuration][springProperty]]
10:19:42,446 |-INFO in ch.qos.logback.core.joran.action.AppenderAction - About to instantiate appender of type [ch.qos.logback.core.ConsoleAppender]
10:19:42,457 |-INFO in ch.qos.logback.core.joran.action.AppenderAction - Naming appender as [Console]
10:19:42,605 |-WARN in ch.qos.logback.core.ConsoleAppender[Console] - This appender no longer admits a layout as a sub-component, set an encoder instead.
10:19:42,605 |-WARN in ch.qos.logback.core.ConsoleAppender[Console] - To ensure compatibility, wrapping your layout in LayoutWrappingEncoder.
10:19:42,605 |-WARN in ch.qos.logback.core.ConsoleAppender[Console] - See also http://logback.qos.ch/codes.html#layoutInsteadOfEncoder for details
10:19:42,607 |-INFO in ch.qos.logback.core.joran.action.AppenderAction - About to instantiate appender of type [net.logstash.logback.appender.LogstashTcpSocketAppender]
10:19:42,631 |-INFO in ch.qos.logback.core.joran.action.AppenderAction - Naming appender as [elk]
10:19:42,952 |-INFO in ch.qos.logback.classic.joran.action.RootLoggerAction - Setting level of ROOT logger to INFO
10:19:42,952 |-INFO in ch.qos.logback.core.joran.action.AppenderRefAction - Attaching appender named [Console] to Logger[ROOT]
10:19:42,953 |-INFO in ch.qos.logback.core.joran.action.AppenderRefAction - Attaching appender named [elk] to Logger[ROOT]
10:19:42,953 |-INFO in ch.qos.logback.classic.joran.action.ConfigurationAction - End of configuration.
10:19:42,954 |-INFO in ch.qos.logback.classic.joran.JoranConfigurator@478190fc - Registering current configuration as safe fallback point


  .   ____          _            __ _ _
 /\\ / ___'_ __ _ _(_)_ __  __ _ \ \ \ \
( ( )\___ | '_ | '_| | '_ \/ _` | \ \ \ \
 \\/  ___)| |_)| | | | | || (_| |  ) ) ) )
  '  |____| .__|_| |_|_| |_\__, | / / / /
 =========|_|==============|___/=/_/_/_/
 :: Spring Boot ::                (v2.7.3)

[33m2023-01-17 10:19:43,672[0;39m [33mINFO [0;39m [[33mmain[0;39m] [33morg.springframework.boot.StartupInfoLogger[0;39m: Starting SblAppStarter v0.0.1 using Java 11 on ip-172-31-16-106 with PID 814368 (/home/ubuntu/ahi-poc-git-data/ahi-poc/package2/auth-service/target/auth-service-0.0.1.jar started by ubuntu in /home/ubuntu/ahi-poc-git-data/ahi-poc/package2/auth-service)
[33m2023-01-17 10:19:43,678[0;39m [33mINFO [0;39m [[33mmain[0;39m] [33morg.springframework.boot.SpringApplication[0;39m: No active profile set, falling back to 1 default profile: "default"
[33m2023-01-17 10:19:44,710[0;39m [33mINFO [0;39m [[33mmain[0;39m] [33morg.springframework.cloud.context.scope.GenericScope[0;39m: BeanFactory id=8c04cc7f-7a91-3759-81ef-d7f6b20833c9
[33m2023-01-17 10:19:44,794[0;39m [33mINFO [0;39m [[33mmain[0;39m] [33morg.springframework.context.support.PostProcessorRegistrationDelegate$BeanPostProcessorChecker[0;39m: Bean 'org.springframework.cloud.client.loadbalancer.reactive.LoadBalancerBeanPostProcessorAutoConfiguration' of type [org.springframework.cloud.client.loadbalancer.reactive.LoadBalancerBeanPostProcessorAutoConfiguration] is not eligible for getting processed by all BeanPostProcessors (for example: not eligible for auto-proxying)
[33m2023-01-17 10:19:44,799[0;39m [33mINFO [0;39m [[33mmain[0;39m] [33morg.springframework.context.support.PostProcessorRegistrationDelegate$BeanPostProcessorChecker[0;39m: Bean 'org.springframework.cloud.client.loadbalancer.reactive.LoadBalancerBeanPostProcessorAutoConfiguration$ReactorDeferringLoadBalancerFilterConfig' of type [org.springframework.cloud.client.loadbalancer.reactive.LoadBalancerBeanPostProcessorAutoConfiguration$ReactorDeferringLoadBalancerFilterConfig] is not eligible for getting processed by all BeanPostProcessors (for example: not eligible for auto-proxying)
[33m2023-01-17 10:19:44,803[0;39m [33mINFO [0;39m [[33mmain[0;39m] [33morg.springframework.context.support.PostProcessorRegistrationDelegate$BeanPostProcessorChecker[0;39m: Bean 'reactorDeferringLoadBalancerExchangeFilterFunction' of type [org.springframework.cloud.client.loadbalancer.reactive.DeferringLoadBalancerExchangeFilterFunction] is not eligible for getting processed by all BeanPostProcessors (for example: not eligible for auto-proxying)
[33m2023-01-17 10:19:45,791[0;39m [33mINFO [0;39m [[33mmain[0;39m] [33morg.springframework.cloud.netflix.eureka.config.DiscoveryClientOptionalArgsConfiguration[0;39m: Eureka HTTP Client uses RestTemplate.
[33m2023-01-17 10:19:45,939[0;39m [33mWARN [0;39m [[33mmain[0;39m] [33morg.springframework.cloud.loadbalancer.config.LoadBalancerCacheAutoConfiguration$LoadBalancerCaffeineWarnLogger[0;39m: Spring Cloud LoadBalancer is currently working with the default cache. While this cache implementation is useful for development and tests, it's recommended to use Caffeine cache in production.You can switch to using Caffeine cache, by adding it and org.springframework.cache.caffeine.CaffeineCacheManager to the classpath.
[33m2023-01-17 10:19:45,963[0;39m [33mINFO [0;39m [[33mmain[0;39m] [33morg.springframework.cloud.netflix.eureka.InstanceInfoFactory[0;39m: Setting initial instance status as: STARTING
[33m2023-01-17 10:19:46,097[0;39m [33mINFO [0;39m [[33mmain[0;39m] [33mcom.netflix.discovery.DiscoveryClient[0;39m: Initializing Eureka in region us-east-1
[33m2023-01-17 10:19:46,106[0;39m [33mINFO [0;39m [[33mmain[0;39m] [33mcom.netflix.discovery.shared.resolver.aws.ConfigClusterResolver[0;39m: Resolving eureka endpoints via configuration
[33m2023-01-17 10:19:46,139[0;39m [33mINFO [0;39m [[33mmain[0;39m] [33mcom.netflix.discovery.DiscoveryClient[0;39m: Disable delta property : false
[33m2023-01-17 10:19:46,139[0;39m [33mINFO [0;39m [[33mmain[0;39m] [33mcom.netflix.discovery.DiscoveryClient[0;39m: Single vip registry refresh property : null
[33m2023-01-17 10:19:46,140[0;39m [33mINFO [0;39m [[33mmain[0;39m] [33mcom.netflix.discovery.DiscoveryClient[0;39m: Force full registry fetch : false
[33m2023-01-17 10:19:46,140[0;39m [33mINFO [0;39m [[33mmain[0;39m] [33mcom.netflix.discovery.DiscoveryClient[0;39m: Application is null : false
[33m2023-01-17 10:19:46,140[0;39m [33mINFO [0;39m [[33mmain[0;39m] [33mcom.netflix.discovery.DiscoveryClient[0;39m: Registered Applications size is zero : true
[33m2023-01-17 10:19:46,141[0;39m [33mINFO [0;39m [[33mmain[0;39m] [33mcom.netflix.discovery.DiscoveryClient[0;39m: Application version is -1: true
[33m2023-01-17 10:19:46,141[0;39m [33mINFO [0;39m [[33mmain[0;39m] [33mcom.netflix.discovery.DiscoveryClient[0;39m: Getting all instance registry info from the eureka server
[33m2023-01-17 10:19:46,664[0;39m [33mINFO [0;39m [[33mmain[0;39m] [33mcom.netflix.discovery.DiscoveryClient[0;39m: The response status is 200
[33m2023-01-17 10:19:46,668[0;39m [33mINFO [0;39m [[33mmain[0;39m] [33mcom.netflix.discovery.DiscoveryClient[0;39m: Starting heartbeat executor: renew interval is: 30
[33m2023-01-17 10:19:46,673[0;39m [33mINFO [0;39m [[33mmain[0;39m] [33mcom.netflix.discovery.InstanceInfoReplicator[0;39m: InstanceInfoReplicator onDemand update allowed rate per min is 4
[33m2023-01-17 10:19:46,681[0;39m [33mINFO [0;39m [[33mmain[0;39m] [33mcom.netflix.discovery.DiscoveryClient[0;39m: Discovery Client initialized at timestamp 1673950786680 with initial instances count: 2
[33m2023-01-17 10:19:46,683[0;39m [33mINFO [0;39m [[33mmain[0;39m] [33morg.springframework.cloud.netflix.eureka.serviceregistry.EurekaServiceRegistry[0;39m: Registering application AUTH-SERVICE with eureka with status UP
[33m2023-01-17 10:19:46,683[0;39m [33mINFO [0;39m [[33mmain[0;39m] [33mcom.netflix.discovery.DiscoveryClient$3[0;39m: Saw local status change event StatusChangeEvent [timestamp=1673950786683, current=UP, previous=STARTING]
[33m2023-01-17 10:19:46,687[0;39m [33mINFO [0;39m [[33mDiscoveryClient-InstanceInfoReplicator-0[0;39m] [33mcom.netflix.discovery.DiscoveryClient[0;39m: DiscoveryClient_AUTH-SERVICE/ip-172-31-16-106.ap-south-1.compute.internal:auth-service:8079: registering service...
[33m2023-01-17 10:19:46,769[0;39m [33mINFO [0;39m [[33mDiscoveryClient-InstanceInfoReplicator-0[0;39m] [33mcom.netflix.discovery.DiscoveryClient[0;39m: DiscoveryClient_AUTH-SERVICE/ip-172-31-16-106.ap-south-1.compute.internal:auth-service:8079 - registration status: 204
[33m2023-01-17 10:19:46,831[0;39m [33mINFO [0;39m [[33mmain[0;39m] [33morg.springframework.boot.web.embedded.netty.NettyWebServer[0;39m: Netty started on port 8079
[33m2023-01-17 10:19:46,833[0;39m [33mINFO [0;39m [[33mmain[0;39m] [33morg.springframework.cloud.netflix.eureka.serviceregistry.EurekaAutoServiceRegistration[0;39m: Updating port to 8079
[33m2023-01-17 10:19:46,851[0;39m [33mINFO [0;39m [[33mmain[0;39m] [33morg.springframework.boot.StartupInfoLogger[0;39m: Started SblAppStarter in 3.766 seconds (JVM running for 5.346)
